<?xml version="1.0" encoding="UTF-8"?>
<!-- Generated by org.testng.reporters.JUnitReportReporter -->
<testsuite hostname="eminezeynep" failures="0" tests="2" name="com.neotech.lesson01.MoreTestNGAnnotations" time="0.010" errors="0" timestamp="2023-02-01T18:59:30 EST" skipped="0">
  <testcase classname="com.neotech.lesson01.MoreTestNGAnnotations" name="test1" time="0.009"/>
  <system-out/>
  <testcase classname="com.neotech.lesson01.MoreTestNGAnnotations" name="test2" time="0.001"/>
  <system-out/>
</testsuite> <!-- com.neotech.lesson01.MoreTestNGAnnotations -->
