<?xml version="1.0" encoding="UTF-8"?>
<!-- Generated by org.testng.reporters.JUnitReportReporter -->
<testsuite hostname="eminezeynep" failures="0" tests="1" name="com.neotech.lesson02.AssertDemo" time="3.514" errors="0" timestamp="2023-01-29T14:11:17 EST" skipped="0">
  <testcase classname="com.neotech.lesson02.AssertDemo" name="validationLogo" time="3.514"/>
  <system-out/>
</testsuite> <!-- com.neotech.lesson02.AssertDemo -->
