<?xml version="1.0" encoding="UTF-8"?>
<!-- Generated by org.testng.reporters.JUnitReportReporter -->
<testsuite hostname="eminezeynep" failures="0" tests="3" name="com.neotech.lesson01.TestNGAnotations" time="0.009" errors="0" timestamp="2023-01-28T12:28:53 EST" skipped="0">
  <testcase classname="com.neotech.lesson01.TestNGAnotations" name="test2" time="0.001"/>
  <system-out/>
  <testcase classname="com.neotech.lesson01.TestNGAnotations" name="test1" time="0.008"/>
  <system-out/>
  <testcase classname="com.neotech.lesson01.TestNGAnotations" name="test3" time="0.000"/>
  <system-out/>
</testsuite> <!-- com.neotech.lesson01.TestNGAnotations -->
