<?xml version="1.0" encoding="UTF-8"?>
<!-- Generated by org.testng.reporters.JUnitReportReporter -->
<testsuite hostname="eminezeynep" failures="0" tests="4" name="com.neotech.lesson03.Homework1" time="0.008" errors="0" timestamp="2023-01-31T19:24:15 EST" skipped="0">
  <testcase classname="com.neotech.lesson03.Homework1" name="fourthMethod" time="0.001"/>
  <system-out/>
  <testcase classname="com.neotech.lesson03.Homework1" name="firstMethod" time="0.007"/>
  <system-out/>
  <testcase classname="com.neotech.lesson03.Homework1" name="thirdMethod" time="0.000"/>
  <system-out/>
  <testcase classname="com.neotech.lesson03.Homework1" name="secondMethod" time="0.000"/>
  <system-out/>
</testsuite> <!-- com.neotech.lesson03.Homework1 -->
