<?xml version="1.0" encoding="UTF-8"?>
<!-- Generated by org.testng.reporters.JUnitReportReporter -->
<testsuite hostname="eminezeynep" failures="0" tests="4" name="com.neotech.lesson02.EnabledAndDisabled" time="0.015" errors="0" timestamp="2023-02-01T11:39:38 EST" skipped="1">
  <testcase classname="com.neotech.lesson02.EnabledAndDisabled" name="firstTest" time="0.013"/>
  <system-out/>
  <testcase classname="com.neotech.lesson02.EnabledAndDisabled" name="fourthTest" time="0.001"/>
  <system-out/>
  <testcase classname="com.neotech.lesson02.EnabledAndDisabled" name="thirthTest" time="0.001"/>
  <system-out/>
  <testcase classname="com.neotech.lesson02.EnabledAndDisabled" name="secondTest">
    <skipped/>
  </testcase> <!-- secondTest -->
  <system-out/>
</testsuite> <!-- com.neotech.lesson02.EnabledAndDisabled -->
