<?xml version="1.0" encoding="UTF-8"?>
<!-- Generated by org.testng.reporters.JUnitReportReporter -->
<testsuite hostname="eminezeynep" failures="0" tests="4" name="com.neotech.lesson02.DependsDemo" time="0.008" errors="0" timestamp="2023-01-29T13:02:15 EST" skipped="0">
  <testcase classname="com.neotech.lesson02.DependsDemo" name="fourthTest" time="0.000"/>
  <system-out/>
  <testcase classname="com.neotech.lesson02.DependsDemo" name="secondTest" time="0.001"/>
  <system-out/>
  <testcase classname="com.neotech.lesson02.DependsDemo" name="firstTest" time="0.007"/>
  <system-out/>
  <testcase classname="com.neotech.lesson02.DependsDemo" name="thirthTest" time="0.000"/>
  <system-out/>
</testsuite> <!-- com.neotech.lesson02.DependsDemo -->
