<?xml version="1.0" encoding="UTF-8"?>
<!-- Generated by org.testng.reporters.JUnitReportReporter -->
<testsuite hostname="eminezeynep" failures="0" tests="4" name="com.neotech.lesson02.PriorityDemo" time="0.015" errors="0" timestamp="2023-01-29T12:45:48 EST" skipped="0">
  <testcase classname="com.neotech.lesson02.PriorityDemo" name="firstTest" time="0.012"/>
  <system-out/>
  <testcase classname="com.neotech.lesson02.PriorityDemo" name="secondTest" time="0.001"/>
  <system-out/>
  <testcase classname="com.neotech.lesson02.PriorityDemo" name="fourthTest" time="0.001"/>
  <system-out/>
  <testcase classname="com.neotech.lesson02.PriorityDemo" name="thirthTest" time="0.001"/>
  <system-out/>
</testsuite> <!-- com.neotech.lesson02.PriorityDemo -->
