<?xml version="1.0" encoding="UTF-8"?>
<!-- Generated by org.testng.reporters.JUnitReportReporter -->
<testsuite hostname="eminezeynep" failures="0" tests="3" name="com.neotech.testcases.AddEmployeeTest" time="94.439" errors="0" timestamp="2023-02-11T11:20:00 EST" skipped="0">
  <testcase classname="com.neotech.testcases.AddEmployeeTest" name="addEmployee" time="34.148"/>
  <system-out/>
  <testcase classname="com.neotech.testcases.AddEmployeeTest" name="addEmployee" time="32.178"/>
  <system-out/>
  <testcase classname="com.neotech.testcases.AddEmployeeTest" name="addEmployee" time="28.113"/>
  <system-out/>
</testsuite> <!-- com.neotech.testcases.AddEmployeeTest -->
