<?xml version="1.0" encoding="UTF-8"?>
<!-- Generated by org.testng.reporters.JUnitReportReporter -->
<testsuite hostname="eminezeynep" failures="0" tests="2" name="com.neotech.testcases.GroupsDemo" time="0.015" errors="0" timestamp="2023-02-11T23:35:23 EST" skipped="0">
  <testcase classname="com.neotech.testcases.GroupsDemo" name="test2" time="0.004"/>
  <system-out/>
  <testcase classname="com.neotech.testcases.GroupsDemo" name="test1" time="0.011"/>
  <system-out/>
</testsuite> <!-- com.neotech.testcases.GroupsDemo -->
