<?xml version="1.0" encoding="UTF-8"?>
<!-- Generated by org.testng.reporters.JUnitReportReporter -->
<testsuite hostname="eminezeynep" failures="0" tests="1" name="com.neotech.testcases.LoginTest" time="10.070" errors="0" timestamp="2023-02-07T20:34:53 EST" skipped="0">
  <testcase classname="com.neotech.testcases.LoginTest" name="validLogin" time="10.070"/>
  <system-out/>
</testsuite> <!-- com.neotech.testcases.LoginTest -->
